0 info it worked if it ends with ok
1 verbose cli [ '/usr/bin/node', '/usr/bin/npm', 'run', 'kbb' ]
2 info using npm@3.5.2
3 info using node@v8.10.0
4 verbose run-script [ 'prekbb', 'kbb', 'postkbb' ]
5 info lifecycle group_project@1.0.0~prekbb: group_project@1.0.0
6 silly lifecycle group_project@1.0.0~prekbb: no script for prekbb, continuing
7 info lifecycle group_project@1.0.0~kbb: group_project@1.0.0
8 verbose lifecycle group_project@1.0.0~kbb: unsafe-perm in lifecycle true
9 verbose lifecycle group_project@1.0.0~kbb: PATH: /usr/share/npm/bin/node-gyp-bin:/home/bonetrail/Sync/assignments/cs440/group_project/node_modules/.bin:/usr/local/sbin:/usr/local/bin:/usr/sbin:/usr/bin:/sbin:/bin:/usr/games:/usr/local/games:/snap/bin:/home/bonetrail/.dotnet/tools:/usr/lib/jvm/java-11-openjdk-amd64//bin
10 verbose lifecycle group_project@1.0.0~kbb: CWD: /home/bonetrail/Sync/assignments/cs440/group_project
11 silly lifecycle group_project@1.0.0~kbb: Args: [ '-c', 'node ./scripts/kbb.js' ]
12 silly lifecycle group_project@1.0.0~kbb: Returned: code: 1  signal: null
13 info lifecycle group_project@1.0.0~kbb: Failed to exec kbb script
14 verbose stack Error: group_project@1.0.0 kbb: `node ./scripts/kbb.js`
14 verbose stack Exit status 1
14 verbose stack     at EventEmitter.<anonymous> (/usr/share/npm/lib/utils/lifecycle.js:232:16)
14 verbose stack     at emitTwo (events.js:126:13)
14 verbose stack     at EventEmitter.emit (events.js:214:7)
14 verbose stack     at ChildProcess.<anonymous> (/usr/share/npm/lib/utils/spawn.js:24:14)
14 verbose stack     at emitTwo (events.js:126:13)
14 verbose stack     at ChildProcess.emit (events.js:214:7)
14 verbose stack     at maybeClose (internal/child_process.js:925:16)
14 verbose stack     at Process.ChildProcess._handle.onexit (internal/child_process.js:209:5)
15 verbose pkgid group_project@1.0.0
16 verbose cwd /home/bonetrail/Sync/assignments/cs440/group_project
17 error Linux 5.3.0-40-generic
18 error argv "/usr/bin/node" "/usr/bin/npm" "run" "kbb"
19 error node v8.10.0
20 error npm  v3.5.2
21 error code ELIFECYCLE
22 error group_project@1.0.0 kbb: `node ./scripts/kbb.js`
22 error Exit status 1
23 error Failed at the group_project@1.0.0 kbb script 'node ./scripts/kbb.js'.
23 error Make sure you have the latest version of node.js and npm installed.
23 error If you do, this is most likely a problem with the group_project package,
23 error not with npm itself.
23 error Tell the author that this fails on your system:
23 error     node ./scripts/kbb.js
23 error You can get information on how to open an issue for this project with:
23 error     npm bugs group_project
23 error Or if that isn't available, you can get their info via:
23 error     npm owner ls group_project
23 error There is likely additional logging output above.
24 verbose exit [ 1, true ]
